2020-08-05 09:03:00.542 [main] INFO  com.online.edu.EduApplication - Starting EduApplication on DESKTOP-F0IG5LN with PID 10572 (D:\Projects\study_parent\service\service_edu\target\classes started by GaoXin in D:\Projects\study_parent)
2020-08-05 09:03:00.547 [main] INFO  com.online.edu.EduApplication - The following profiles are active: dev
2020-08-05 09:03:02.338 [main] INFO  o.s.d.r.config.RepositoryConfigurationDelegate - Multiple Spring Data modules found, entering strict repository configuration mode!
2020-08-05 09:03:02.353 [main] INFO  o.s.d.r.config.RepositoryConfigurationDelegate - Bootstrapping Spring Data repositories in DEFAULT mode.
2020-08-05 09:03:02.402 [main] INFO  o.s.d.r.config.RepositoryConfigurationDelegate - Finished Spring Data repository scanning in 30ms. Found 0 repository interfaces.
2020-08-05 09:03:02.868 [main] INFO  o.s.c.s.PostProcessorRegistrationDelegate$BeanPostProcessorChecker - Bean 'org.springframework.transaction.annotation.ProxyTransactionManagementConfiguration' of type [org.springframework.transaction.annotation.ProxyTransactionManagementConfiguration] is not eligible for getting processed by all BeanPostProcessors (for example: not eligible for auto-proxying)
2020-08-05 09:03:03.459 [main] INFO  o.s.boot.web.embedded.tomcat.TomcatWebServer - Tomcat initialized with port(s): 8001 (http)
2020-08-05 09:03:03.468 [main] INFO  org.apache.coyote.http11.Http11NioProtocol - Initializing ProtocolHandler ["http-nio-8001"]
2020-08-05 09:03:03.468 [main] INFO  org.apache.catalina.core.StandardService - Starting service [Tomcat]
2020-08-05 09:03:03.469 [main] INFO  org.apache.catalina.core.StandardEngine - Starting Servlet engine: [Apache Tomcat/9.0.27]
2020-08-05 09:03:03.613 [main] INFO  o.a.c.core.ContainerBase.[Tomcat].[localhost].[/] - Initializing Spring embedded WebApplicationContext
2020-08-05 09:03:03.613 [main] INFO  org.springframework.web.context.ContextLoader - Root WebApplicationContext: initialization completed in 2994 ms
2020-08-05 09:03:04.208 [main] INFO  com.zaxxer.hikari.HikariDataSource - HikariPool-1 - Starting...
2020-08-05 09:03:09.517 [main] INFO  com.zaxxer.hikari.HikariDataSource - HikariPool-1 - Start completed.
2020-08-05 09:03:14.218 [main] INFO  s.d.s.w.PropertySourcedRequestMappingHandlerMapping - Mapped URL path [/v2/api-docs] onto method [springfox.documentation.swagger2.web.Swagger2Controller#getDocumentation(String, HttpServletRequest)]
2020-08-05 09:03:14.355 [main] INFO  o.s.scheduling.concurrent.ThreadPoolTaskExecutor - Initializing ExecutorService 'applicationTaskExecutor'
2020-08-05 09:03:14.984 [main] INFO  s.d.s.web.plugins.DocumentationPluginsBootstrapper - Context refreshed
2020-08-05 09:03:15.012 [main] INFO  s.d.s.web.plugins.DocumentationPluginsBootstrapper - Found 1 custom documentation plugin(s)
2020-08-05 09:03:15.073 [main] INFO  s.d.spring.web.scanners.ApiListingReferenceScanner - Scanning for api listing references
2020-08-05 09:03:15.277 [main] INFO  org.apache.coyote.http11.Http11NioProtocol - Starting ProtocolHandler ["http-nio-8001"]
2020-08-05 09:03:15.303 [main] INFO  o.s.boot.web.embedded.tomcat.TomcatWebServer - Tomcat started on port(s): 8001 (http) with context path ''
2020-08-05 09:03:15.306 [main] INFO  com.online.edu.EduApplication - Started EduApplication in 16.418 seconds (JVM running for 20.011)
2020-08-05 09:04:31.373 [http-nio-8001-exec-1] INFO  o.a.c.core.ContainerBase.[Tomcat].[localhost].[/] - Initializing Spring DispatcherServlet 'dispatcherServlet'
2020-08-05 09:04:31.373 [http-nio-8001-exec-1] INFO  org.springframework.web.servlet.DispatcherServlet - Initializing Servlet 'dispatcherServlet'
2020-08-05 09:04:31.380 [http-nio-8001-exec-1] INFO  org.springframework.web.servlet.DispatcherServlet - Completed initialization in 7 ms
2020-08-05 16:18:16.418 [main] INFO  com.online.edu.EduApplication - Starting EduApplication on DESKTOP-F0IG5LN with PID 7580 (D:\Projects\study_parent\service\service_edu\target\classes started by GaoXin in D:\Projects\study_parent)
2020-08-05 16:18:16.422 [main] INFO  com.online.edu.EduApplication - The following profiles are active: dev
2020-08-05 16:18:17.496 [main] INFO  o.s.d.r.config.RepositoryConfigurationDelegate - Multiple Spring Data modules found, entering strict repository configuration mode!
2020-08-05 16:18:17.499 [main] INFO  o.s.d.r.config.RepositoryConfigurationDelegate - Bootstrapping Spring Data repositories in DEFAULT mode.
2020-08-05 16:18:17.543 [main] INFO  o.s.d.r.config.RepositoryConfigurationDelegate - Finished Spring Data repository scanning in 23ms. Found 0 repository interfaces.
2020-08-05 16:18:17.976 [main] INFO  o.s.c.s.PostProcessorRegistrationDelegate$BeanPostProcessorChecker - Bean 'org.springframework.transaction.annotation.ProxyTransactionManagementConfiguration' of type [org.springframework.transaction.annotation.ProxyTransactionManagementConfiguration] is not eligible for getting processed by all BeanPostProcessors (for example: not eligible for auto-proxying)
2020-08-05 16:18:18.290 [main] INFO  o.s.boot.web.embedded.tomcat.TomcatWebServer - Tomcat initialized with port(s): 8001 (http)
2020-08-05 16:18:18.301 [main] INFO  org.apache.coyote.http11.Http11NioProtocol - Initializing ProtocolHandler ["http-nio-8001"]
2020-08-05 16:18:18.301 [main] INFO  org.apache.catalina.core.StandardService - Starting service [Tomcat]
2020-08-05 16:18:18.302 [main] INFO  org.apache.catalina.core.StandardEngine - Starting Servlet engine: [Apache Tomcat/9.0.27]
2020-08-05 16:18:18.474 [main] INFO  o.a.c.core.ContainerBase.[Tomcat].[localhost].[/] - Initializing Spring embedded WebApplicationContext
2020-08-05 16:18:18.474 [main] INFO  org.springframework.web.context.ContextLoader - Root WebApplicationContext: initialization completed in 1979 ms
2020-08-05 16:18:18.853 [main] INFO  com.zaxxer.hikari.HikariDataSource - HikariPool-1 - Starting...
2020-08-05 16:18:21.162 [main] INFO  com.zaxxer.hikari.HikariDataSource - HikariPool-1 - Start completed.
2020-08-05 16:18:21.854 [main] INFO  s.d.s.w.PropertySourcedRequestMappingHandlerMapping - Mapped URL path [/v2/api-docs] onto method [springfox.documentation.swagger2.web.Swagger2Controller#getDocumentation(String, HttpServletRequest)]
2020-08-05 16:18:21.971 [main] INFO  o.s.scheduling.concurrent.ThreadPoolTaskExecutor - Initializing ExecutorService 'applicationTaskExecutor'
2020-08-05 16:18:22.474 [main] INFO  s.d.s.web.plugins.DocumentationPluginsBootstrapper - Context refreshed
2020-08-05 16:18:22.491 [main] INFO  s.d.s.web.plugins.DocumentationPluginsBootstrapper - Found 1 custom documentation plugin(s)
2020-08-05 16:18:22.531 [main] INFO  s.d.spring.web.scanners.ApiListingReferenceScanner - Scanning for api listing references
2020-08-05 16:18:22.706 [main] INFO  org.apache.coyote.http11.Http11NioProtocol - Starting ProtocolHandler ["http-nio-8001"]
2020-08-05 16:18:22.731 [main] INFO  o.s.boot.web.embedded.tomcat.TomcatWebServer - Tomcat started on port(s): 8001 (http) with context path ''
2020-08-05 16:18:22.734 [main] INFO  com.online.edu.EduApplication - Started EduApplication in 7.382 seconds (JVM running for 10.741)
2020-08-05 16:18:44.153 [http-nio-8001-exec-1] INFO  o.a.c.core.ContainerBase.[Tomcat].[localhost].[/] - Initializing Spring DispatcherServlet 'dispatcherServlet'
2020-08-05 16:18:44.153 [http-nio-8001-exec-1] INFO  org.springframework.web.servlet.DispatcherServlet - Initializing Servlet 'dispatcherServlet'
2020-08-05 16:18:44.162 [http-nio-8001-exec-1] INFO  org.springframework.web.servlet.DispatcherServlet - Completed initialization in 9 ms
2020-08-05 16:37:22.462 [SpringContextShutdownHook] INFO  o.s.scheduling.concurrent.ThreadPoolTaskExecutor - Shutting down ExecutorService 'applicationTaskExecutor'
2020-08-05 16:37:22.463 [SpringContextShutdownHook] INFO  com.zaxxer.hikari.HikariDataSource - HikariPool-1 - Shutdown initiated...
2020-08-05 16:37:22.475 [SpringContextShutdownHook] INFO  com.zaxxer.hikari.HikariDataSource - HikariPool-1 - Shutdown completed.
2020-08-05 16:37:32.492 [main] INFO  com.online.edu.EduApplication - Starting EduApplication on DESKTOP-F0IG5LN with PID 8684 (D:\Projects\study_parent\service\service_edu\target\classes started by GaoXin in D:\Projects\study_parent)
2020-08-05 16:37:32.577 [main] INFO  com.online.edu.EduApplication - The following profiles are active: dev
2020-08-05 16:37:33.727 [main] INFO  o.s.d.r.config.RepositoryConfigurationDelegate - Multiple Spring Data modules found, entering strict repository configuration mode!
2020-08-05 16:37:33.729 [main] INFO  o.s.d.r.config.RepositoryConfigurationDelegate - Bootstrapping Spring Data repositories in DEFAULT mode.
2020-08-05 16:37:33.756 [main] INFO  o.s.d.r.config.RepositoryConfigurationDelegate - Finished Spring Data repository scanning in 14ms. Found 0 repository interfaces.
2020-08-05 16:37:34.032 [main] INFO  o.s.c.s.PostProcessorRegistrationDelegate$BeanPostProcessorChecker - Bean 'org.springframework.transaction.annotation.ProxyTransactionManagementConfiguration' of type [org.springframework.transaction.annotation.ProxyTransactionManagementConfiguration] is not eligible for getting processed by all BeanPostProcessors (for example: not eligible for auto-proxying)
2020-08-05 16:37:34.301 [main] INFO  o.s.boot.web.embedded.tomcat.TomcatWebServer - Tomcat initialized with port(s): 8001 (http)
2020-08-05 16:37:34.311 [main] INFO  org.apache.coyote.http11.Http11NioProtocol - Initializing ProtocolHandler ["http-nio-8001"]
2020-08-05 16:37:34.311 [main] INFO  org.apache.catalina.core.StandardService - Starting service [Tomcat]
2020-08-05 16:37:34.312 [main] INFO  org.apache.catalina.core.StandardEngine - Starting Servlet engine: [Apache Tomcat/9.0.27]
2020-08-05 16:37:34.465 [main] INFO  o.a.c.core.ContainerBase.[Tomcat].[localhost].[/] - Initializing Spring embedded WebApplicationContext
2020-08-05 16:37:34.466 [main] INFO  org.springframework.web.context.ContextLoader - Root WebApplicationContext: initialization completed in 1781 ms
2020-08-05 16:37:34.802 [main] INFO  com.zaxxer.hikari.HikariDataSource - HikariPool-1 - Starting...
2020-08-05 16:37:37.137 [main] INFO  com.zaxxer.hikari.HikariDataSource - HikariPool-1 - Start completed.
2020-08-05 16:37:38.307 [main] INFO  s.d.s.w.PropertySourcedRequestMappingHandlerMapping - Mapped URL path [/v2/api-docs] onto method [springfox.documentation.swagger2.web.Swagger2Controller#getDocumentation(String, HttpServletRequest)]
2020-08-05 16:37:38.422 [main] INFO  o.s.scheduling.concurrent.ThreadPoolTaskExecutor - Initializing ExecutorService 'applicationTaskExecutor'
2020-08-05 16:37:38.876 [main] INFO  s.d.s.web.plugins.DocumentationPluginsBootstrapper - Context refreshed
2020-08-05 16:37:38.892 [main] INFO  s.d.s.web.plugins.DocumentationPluginsBootstrapper - Found 1 custom documentation plugin(s)
2020-08-05 16:37:38.927 [main] INFO  s.d.spring.web.scanners.ApiListingReferenceScanner - Scanning for api listing references
2020-08-05 16:37:39.102 [main] INFO  org.apache.coyote.http11.Http11NioProtocol - Starting ProtocolHandler ["http-nio-8001"]
2020-08-05 16:37:39.125 [main] INFO  o.s.boot.web.embedded.tomcat.TomcatWebServer - Tomcat started on port(s): 8001 (http) with context path ''
2020-08-05 16:37:39.128 [main] INFO  com.online.edu.EduApplication - Started EduApplication in 7.924 seconds (JVM running for 10.563)
2020-08-05 16:37:39.545 [http-nio-8001-exec-1] INFO  o.a.c.core.ContainerBase.[Tomcat].[localhost].[/] - Initializing Spring DispatcherServlet 'dispatcherServlet'
2020-08-05 16:37:39.545 [http-nio-8001-exec-1] INFO  org.springframework.web.servlet.DispatcherServlet - Initializing Servlet 'dispatcherServlet'
2020-08-05 16:37:39.556 [http-nio-8001-exec-1] INFO  org.springframework.web.servlet.DispatcherServlet - Completed initialization in 10 ms
2020-08-05 16:40:45.350 [main] INFO  com.online.edu.EduApplication - Starting EduApplication on DESKTOP-F0IG5LN with PID 10664 (D:\Projects\study_parent\service\service_edu\target\classes started by GaoXin in D:\Projects\study_parent)
2020-08-05 16:40:45.356 [main] INFO  com.online.edu.EduApplication - The following profiles are active: dev
2020-08-05 16:40:46.689 [main] INFO  o.s.d.r.config.RepositoryConfigurationDelegate - Multiple Spring Data modules found, entering strict repository configuration mode!
2020-08-05 16:40:46.692 [main] INFO  o.s.d.r.config.RepositoryConfigurationDelegate - Bootstrapping Spring Data repositories in DEFAULT mode.
2020-08-05 16:40:46.723 [main] INFO  o.s.d.r.config.RepositoryConfigurationDelegate - Finished Spring Data repository scanning in 14ms. Found 0 repository interfaces.
2020-08-05 16:40:47.037 [main] INFO  o.s.c.s.PostProcessorRegistrationDelegate$BeanPostProcessorChecker - Bean 'org.springframework.transaction.annotation.ProxyTransactionManagementConfiguration' of type [org.springframework.transaction.annotation.ProxyTransactionManagementConfiguration] is not eligible for getting processed by all BeanPostProcessors (for example: not eligible for auto-proxying)
2020-08-05 16:40:47.367 [main] INFO  o.s.boot.web.embedded.tomcat.TomcatWebServer - Tomcat initialized with port(s): 8001 (http)
2020-08-05 16:40:47.377 [main] INFO  org.apache.coyote.http11.Http11NioProtocol - Initializing ProtocolHandler ["http-nio-8001"]
2020-08-05 16:40:47.378 [main] INFO  org.apache.catalina.core.StandardService - Starting service [Tomcat]
2020-08-05 16:40:47.379 [main] INFO  org.apache.catalina.core.StandardEngine - Starting Servlet engine: [Apache Tomcat/9.0.27]
2020-08-05 16:40:47.558 [main] INFO  o.a.c.core.ContainerBase.[Tomcat].[localhost].[/] - Initializing Spring embedded WebApplicationContext
2020-08-05 16:40:47.559 [main] INFO  org.springframework.web.context.ContextLoader - Root WebApplicationContext: initialization completed in 2049 ms
2020-08-05 16:40:47.943 [main] INFO  com.zaxxer.hikari.HikariDataSource - HikariPool-1 - Starting...
2020-08-05 16:40:50.010 [main] INFO  com.zaxxer.hikari.HikariDataSource - HikariPool-1 - Start completed.
2020-08-05 16:40:50.737 [main] INFO  s.d.s.w.PropertySourcedRequestMappingHandlerMapping - Mapped URL path [/v2/api-docs] onto method [springfox.documentation.swagger2.web.Swagger2Controller#getDocumentation(String, HttpServletRequest)]
2020-08-05 16:40:50.832 [main] INFO  o.s.scheduling.concurrent.ThreadPoolTaskExecutor - Initializing ExecutorService 'applicationTaskExecutor'
2020-08-05 16:40:51.409 [main] INFO  s.d.s.web.plugins.DocumentationPluginsBootstrapper - Context refreshed
2020-08-05 16:40:51.436 [main] INFO  s.d.s.web.plugins.DocumentationPluginsBootstrapper - Found 1 custom documentation plugin(s)
2020-08-05 16:40:51.475 [main] INFO  s.d.spring.web.scanners.ApiListingReferenceScanner - Scanning for api listing references
2020-08-05 16:40:51.656 [main] INFO  org.apache.coyote.http11.Http11NioProtocol - Starting ProtocolHandler ["http-nio-8001"]
2020-08-05 16:40:51.682 [main] INFO  o.s.boot.web.embedded.tomcat.TomcatWebServer - Tomcat started on port(s): 8001 (http) with context path ''
2020-08-05 16:40:51.686 [main] INFO  com.online.edu.EduApplication - Started EduApplication in 7.347 seconds (JVM running for 9.58)
2020-08-05 16:42:36.926 [http-nio-8001-exec-1] INFO  o.a.c.core.ContainerBase.[Tomcat].[localhost].[/] - Initializing Spring DispatcherServlet 'dispatcherServlet'
2020-08-05 16:42:36.926 [http-nio-8001-exec-1] INFO  org.springframework.web.servlet.DispatcherServlet - Initializing Servlet 'dispatcherServlet'
2020-08-05 16:42:36.933 [http-nio-8001-exec-1] INFO  org.springframework.web.servlet.DispatcherServlet - Completed initialization in 7 ms
2020-08-05 16:46:22.493 [main] INFO  com.online.edu.EduApplication - Starting EduApplication on DESKTOP-F0IG5LN with PID 13060 (D:\Projects\study_parent\service\service_edu\target\classes started by GaoXin in D:\Projects\study_parent)
2020-08-05 16:46:22.499 [main] INFO  com.online.edu.EduApplication - The following profiles are active: dev
2020-08-05 16:46:23.645 [main] INFO  o.s.d.r.config.RepositoryConfigurationDelegate - Multiple Spring Data modules found, entering strict repository configuration mode!
2020-08-05 16:46:23.647 [main] INFO  o.s.d.r.config.RepositoryConfigurationDelegate - Bootstrapping Spring Data repositories in DEFAULT mode.
2020-08-05 16:46:23.675 [main] INFO  o.s.d.r.config.RepositoryConfigurationDelegate - Finished Spring Data repository scanning in 14ms. Found 0 repository interfaces.
2020-08-05 16:46:23.935 [main] INFO  o.s.c.s.PostProcessorRegistrationDelegate$BeanPostProcessorChecker - Bean 'org.springframework.transaction.annotation.ProxyTransactionManagementConfiguration' of type [org.springframework.transaction.annotation.ProxyTransactionManagementConfiguration] is not eligible for getting processed by all BeanPostProcessors (for example: not eligible for auto-proxying)
2020-08-05 16:46:24.184 [main] INFO  o.s.boot.web.embedded.tomcat.TomcatWebServer - Tomcat initialized with port(s): 8001 (http)
2020-08-05 16:46:24.193 [main] INFO  org.apache.coyote.http11.Http11NioProtocol - Initializing ProtocolHandler ["http-nio-8001"]
2020-08-05 16:46:24.193 [main] INFO  org.apache.catalina.core.StandardService - Starting service [Tomcat]
2020-08-05 16:46:24.193 [main] INFO  org.apache.catalina.core.StandardEngine - Starting Servlet engine: [Apache Tomcat/9.0.27]
2020-08-05 16:46:24.330 [main] INFO  o.a.c.core.ContainerBase.[Tomcat].[localhost].[/] - Initializing Spring embedded WebApplicationContext
2020-08-05 16:46:24.331 [main] INFO  org.springframework.web.context.ContextLoader - Root WebApplicationContext: initialization completed in 1696 ms
2020-08-05 16:46:24.684 [main] INFO  com.zaxxer.hikari.HikariDataSource - HikariPool-1 - Starting...
2020-08-05 16:46:26.917 [main] INFO  com.zaxxer.hikari.HikariDataSource - HikariPool-1 - Start completed.
2020-08-05 16:46:27.573 [main] INFO  s.d.s.w.PropertySourcedRequestMappingHandlerMapping - Mapped URL path [/v2/api-docs] onto method [springfox.documentation.swagger2.web.Swagger2Controller#getDocumentation(String, HttpServletRequest)]
2020-08-05 16:46:27.710 [main] INFO  o.s.scheduling.concurrent.ThreadPoolTaskExecutor - Initializing ExecutorService 'applicationTaskExecutor'
2020-08-05 16:46:28.141 [main] INFO  s.d.s.web.plugins.DocumentationPluginsBootstrapper - Context refreshed
2020-08-05 16:46:28.157 [main] INFO  s.d.s.web.plugins.DocumentationPluginsBootstrapper - Found 1 custom documentation plugin(s)
2020-08-05 16:46:28.190 [main] INFO  s.d.spring.web.scanners.ApiListingReferenceScanner - Scanning for api listing references
2020-08-05 16:46:28.355 [main] INFO  org.apache.coyote.http11.Http11NioProtocol - Starting ProtocolHandler ["http-nio-8001"]
2020-08-05 16:46:28.377 [main] INFO  o.s.boot.web.embedded.tomcat.TomcatWebServer - Tomcat started on port(s): 8001 (http) with context path ''
2020-08-05 16:46:28.381 [main] INFO  com.online.edu.EduApplication - Started EduApplication in 6.833 seconds (JVM running for 9.058)
2020-08-05 16:46:37.161 [http-nio-8001-exec-1] INFO  o.a.c.core.ContainerBase.[Tomcat].[localhost].[/] - Initializing Spring DispatcherServlet 'dispatcherServlet'
2020-08-05 16:46:37.161 [http-nio-8001-exec-1] INFO  org.springframework.web.servlet.DispatcherServlet - Initializing Servlet 'dispatcherServlet'
2020-08-05 16:46:37.172 [http-nio-8001-exec-1] INFO  org.springframework.web.servlet.DispatcherServlet - Completed initialization in 10 ms
